# JRE version: OpenJDK Runtime Environment Temurin-17.0.4.1+1 (17.0.4.1+1) (build 17.0.4.1+1)
# Java VM: OpenJDK 64-Bit Server VM Temurin-17.0.4.1+1 (17.0.4.1+1, mixed mode, emulated-client, tiered, compressed oops, compressed class ptrs, g1 gc, windows-amd64)
GC Precious Log:
 CPUs: 8 total, 8 available
 Memory: 8070M
 Large Page Support: Disabled
 NUMA Support: Disabled
 Compressed Oops: Enabled (32-bit)
 Heap Region Size: 1M
 Heap Min Capacity: 8M
 Heap Initial Capacity: 128M
 Heap Max Capacity: 2018M
 Pre-touch: Disabled
 Parallel Workers: 8
 Concurrent Workers: 2
 Concurrent Refinement Workers: 8
 Periodic GC: Disabled
Heap:
 garbage-first heap   total 94208K, used 26978K [0x0000000081e00000, 0x0000000100000000)
  region size 1024K, 10 young (10240K), 6 survivors (6144K)
 Metaspace       used 58008K, committed 58368K, reserved 1105920K
  class space    used 7821K, committed 8000K, reserved 1048576K
GC Heap History (20 events):
Event: 1.323 GC heap before
{Heap before GC invocations=3 (full 0):
 garbage-first heap   total 40960K, used 27842K [0x0000000081e00000, 0x0000000100000000)
  region size 1024K, 22 young (22528K), 2 survivors (2048K)
 Metaspace       used 26221K, committed 26432K, reserved 1073152K
  class space    used 3146K, committed 3264K, reserved 1048576K
}
Event: 1.326 GC heap after
{Heap after GC invocations=4 (full 0):
 garbage-first heap   total 40960K, used 10216K [0x0000000081e00000, 0x0000000100000000)
  region size 1024K, 3 young (3072K), 3 survivors (3072K)
 Metaspace       used 26221K, committed 26432K, reserved 1073152K
  class space    used 3146K, committed 3264K, reserved 1048576K
}
Event: 1.334 GC heap before
{Heap before GC invocations=4 (full 0):
 garbage-first heap   total 40960K, used 10216K [0x0000000081e00000, 0x0000000100000000)
  region size 1024K, 4 young (4096K), 3 survivors (3072K)
 Metaspace       used 26402K, committed 26688K, reserved 1073152K
  class space    used 3176K, committed 3328K, reserved 1048576K
}
Event: 1.337 GC heap after
{Heap after GC invocations=5 (full 0):
 garbage-first heap   total 40960K, used 10373K [0x0000000081e00000, 0x0000000100000000)
  region size 1024K, 1 young (1024K), 1 survivors (1024K)
 Metaspace       used 26402K, committed 26688K, reserved 1073152K
  class space    used 3176K, committed 3328K, reserved 1048576K
}
Event: 1.497 GC heap before
{Heap before GC invocations=5 (full 0):
 garbage-first heap   total 40960K, used 26757K [0x0000000081e00000, 0x0000000100000000)
  region size 1024K, 17 young (17408K), 1 survivors (1024K)
 Metaspace       used 28208K, committed 28416K, reserved 1081344K
  class space    used 3435K, committed 3520K, reserved 1048576K
}
Event: 1.499 GC heap after
{Heap after GC invocations=6 (full 0):
 garbage-first heap   total 40960K, used 11169K [0x0000000081e00000, 0x0000000100000000)
  region size 1024K, 2 young (2048K), 2 survivors (2048K)
 Metaspace       used 28208K, committed 28416K, reserved 1081344K
  class space    used 3435K, committed 3520K, reserved 1048576K
}
Event: 1.683 GC heap before
{Heap before GC invocations=6 (full 0):
 garbage-first heap   total 40960K, used 27553K [0x0000000081e00000, 0x0000000100000000)
  region size 1024K, 19 young (19456K), 2 survivors (2048K)
 Metaspace       used 29287K, committed 29504K, reserved 1081344K
  class space    used 3621K, committed 3712K, reserved 1048576K
}
Event: 1.687 GC heap after
{Heap after GC invocations=7 (full 0):
 garbage-first heap   total 79872K, used 12198K [0x0000000081e00000, 0x0000000100000000)
  region size 1024K, 3 young (3072K), 3 survivors (3072K)
 Metaspace       used 29287K, committed 29504K, reserved 1081344K
  class space    used 3621K, committed 3712K, reserved 1048576K
}
Event: 2.350 GC heap before
{Heap before GC invocations=7 (full 0):
 garbage-first heap   total 79872K, used 53158K [0x0000000081e00000, 0x0000000100000000)
  region size 1024K, 43 young (44032K), 3 survivors (3072K)
 Metaspace       used 34961K, committed 35328K, reserved 1081344K
  class space    used 4509K, committed 4672K, reserved 1048576K
}
Event: 2.359 GC heap after
{Heap after GC invocations=8 (full 0):
 garbage-first heap   total 79872K, used 15682K [0x0000000081e00000, 0x0000000100000000)
  region size 1024K, 6 young (6144K), 6 survivors (6144K)
 Metaspace       used 34961K, committed 35328K, reserved 1081344K
  class space    used 4509K, committed 4672K, reserved 1048576K
}
Event: 2.400 GC heap before
{Heap before GC invocations=8 (full 0):
 garbage-first heap   total 79872K, used 18754K [0x0000000081e00000, 0x0000000100000000)
  region size 1024K, 10 young (10240K), 6 survivors (6144K)
 Metaspace       used 35720K, committed 36096K, reserved 1081344K
  class space    used 4582K, committed 4800K, reserved 1048576K
}
Event: 2.409 GC heap after
{Heap after GC invocations=9 (full 0):
 garbage-first heap   total 79872K, used 16422K [0x0000000081e00000, 0x0000000100000000)
  region size 1024K, 1 young (1024K), 1 survivors (1024K)
 Metaspace       used 35720K, committed 36096K, reserved 1081344K
  class space    used 4582K, committed 4800K, reserved 1048576K
}
Event: 3.261 GC heap before
{Heap before GC invocations=10 (full 0):
 garbage-first heap   total 61440K, used 52262K [0x0000000081e00000, 0x0000000100000000)
  region size 1024K, 37 young (37888K), 1 survivors (1024K)
 Metaspace       used 44014K, committed 44352K, reserved 1089536K
  class space    used 5825K, committed 5952K, reserved 1048576K
}
Event: 3.264 GC heap after
{Heap after GC invocations=11 (full 0):
 garbage-first heap   total 61440K, used 18425K [0x0000000081e00000, 0x0000000100000000)
  region size 1024K, 3 young (3072K), 3 survivors (3072K)
 Metaspace       used 44014K, committed 44352K, reserved 1089536K
  class space    used 5825K, committed 5952K, reserved 1048576K
}
Event: 3.280 GC heap before
{Heap before GC invocations=11 (full 0):
 garbage-first heap   total 61440K, used 18425K [0x0000000081e00000, 0x0000000100000000)
  region size 1024K, 4 young (4096K), 3 survivors (3072K)
 Metaspace       used 44410K, committed 44736K, reserved 1089536K
  class space    used 5863K, committed 6016K, reserved 1048576K
}
Event: 3.282 GC heap after
{Heap after GC invocations=12 (full 0):
 garbage-first heap   total 61440K, used 18891K [0x0000000081e00000, 0x0000000100000000)
  region size 1024K, 1 young (1024K), 1 survivors (1024K)
 Metaspace       used 44410K, committed 44736K, reserved 1089536K
  class space    used 5863K, committed 6016K, reserved 1048576K
}
Event: 3.855 GC heap before
{Heap before GC invocations=12 (full 0):
 garbage-first heap   total 61440K, used 44491K [0x0000000081e00000, 0x0000000100000000)
  region size 1024K, 27 young (27648K), 1 survivors (1024K)
 Metaspace       used 51477K, committed 51776K, reserved 1097728K
  class space    used 6777K, committed 6912K, reserved 1048576K
}
Event: 3.860 GC heap after
{Heap after GC invocations=13 (full 0):
 garbage-first heap   total 94208K, used 21769K [0x0000000081e00000, 0x0000000100000000)
  region size 1024K, 4 young (4096K), 4 survivors (4096K)
 Metaspace       used 51477K, committed 51776K, reserved 1097728K
  class space    used 6777K, committed 6912K, reserved 1048576K
}
Event: 4.638 GC heap before
{Heap before GC invocations=13 (full 0):
 garbage-first heap   total 94208K, used 69897K [0x0000000081e00000, 0x0000000100000000)
  region size 1024K, 51 young (52224K), 4 survivors (4096K)
 Metaspace       used 57233K, committed 57664K, reserved 1105920K
  class space    used 7717K, committed 7936K, reserved 1048576K
}
Event: 4.643 GC heap after
{Heap after GC invocations=14 (full 0):
 garbage-first heap   total 94208K, used 23906K [0x0000000081e00000, 0x0000000100000000)
  region size 1024K, 6 young (6144K), 6 survivors (6144K)
 Metaspace       used 57233K, committed 57664K, reserved 1105920K
  class space    used 7717K, committed 7936K, reserved 1048576K
}

