# JRE version: OpenJDK Runtime Environment Temurin-17.0.4.1+1 (17.0.4.1+1) (build 17.0.4.1+1)
# Java VM: OpenJDK 64-Bit Server VM Temurin-17.0.4.1+1 (17.0.4.1+1, mixed mode, emulated-client, tiered, compressed oops, compressed class ptrs, g1 gc, windows-amd64)
GC Precious Log:
 CPUs: 8 total, 8 available
 Memory: 8070M
 Large Page Support: Disabled
 NUMA Support: Disabled
 Compressed Oops: Enabled (32-bit)
 Heap Region Size: 1M
 Heap Min Capacity: 8M
 Heap Initial Capacity: 128M
 Heap Max Capacity: 2018M
 Pre-touch: Disabled
 Parallel Workers: 8
 Concurrent Workers: 2
 Concurrent Refinement Workers: 8
 Periodic GC: Disabled
Heap:
 garbage-first heap   total 71680K, used 37219K [0x0000000081e00000, 0x0000000100000000)
  region size 1024K, 10 young (10240K), 4 survivors (4096K)
 Metaspace       used 66943K, committed 67392K, reserved 1114112K
  class space    used 9140K, committed 9344K, reserved 1048576K
GC Heap History (20 events):
Event: 3.729 GC heap before
{Heap before GC invocations=12 (full 0):
 garbage-first heap   total 49152K, used 38046K [0x0000000081e00000, 0x0000000100000000)
  region size 1024K, 21 young (21504K), 3 survivors (3072K)
 Metaspace       used 50984K, committed 51392K, reserved 1097728K
  class space    used 6727K, committed 6912K, reserved 1048576K
}
Event: 3.734 GC heap after
{Heap after GC invocations=13 (full 0):
 garbage-first heap   total 49152K, used 22194K [0x0000000081e00000, 0x0000000100000000)
  region size 1024K, 3 young (3072K), 3 survivors (3072K)
 Metaspace       used 50984K, committed 51392K, reserved 1097728K
  class space    used 6727K, committed 6912K, reserved 1048576K
}
Event: 3.937 GC heap before
{Heap before GC invocations=13 (full 0):
 garbage-first heap   total 49152K, used 37554K [0x0000000081e00000, 0x0000000100000000)
  region size 1024K, 19 young (19456K), 3 survivors (3072K)
 Metaspace       used 52530K, committed 52864K, reserved 1097728K
  class space    used 6945K, committed 7104K, reserved 1048576K
}
Event: 3.940 GC heap after
{Heap after GC invocations=14 (full 0):
 garbage-first heap   total 59392K, used 23900K [0x0000000081e00000, 0x0000000100000000)
  region size 1024K, 2 young (2048K), 2 survivors (2048K)
 Metaspace       used 52530K, committed 52864K, reserved 1097728K
  class space    used 6945K, committed 7104K, reserved 1048576K
}
Event: 4.396 GC heap before
{Heap before GC invocations=14 (full 0):
 garbage-first heap   total 59392K, used 44380K [0x0000000081e00000, 0x0000000100000000)
  region size 1024K, 23 young (23552K), 2 survivors (2048K)
 Metaspace       used 56948K, committed 57344K, reserved 1105920K
  class space    used 7666K, committed 7872K, reserved 1048576K
}
Event: 4.399 GC heap after
{Heap after GC invocations=15 (full 0):
 garbage-first heap   total 59392K, used 24633K [0x0000000081e00000, 0x0000000100000000)
  region size 1024K, 3 young (3072K), 3 survivors (3072K)
 Metaspace       used 56948K, committed 57344K, reserved 1105920K
  class space    used 7666K, committed 7872K, reserved 1048576K
}
Event: 4.668 GC heap before
{Heap before GC invocations=15 (full 0):
 garbage-first heap   total 59392K, used 46137K [0x0000000081e00000, 0x0000000100000000)
  region size 1024K, 24 young (24576K), 3 survivors (3072K)
 Metaspace       used 58254K, committed 58688K, reserved 1105920K
  class space    used 7862K, committed 8064K, reserved 1048576K
}
Event: 4.671 GC heap after
{Heap after GC invocations=16 (full 0):
 garbage-first heap   total 59392K, used 25221K [0x0000000081e00000, 0x0000000100000000)
  region size 1024K, 2 young (2048K), 2 survivors (2048K)
 Metaspace       used 58254K, committed 58688K, reserved 1105920K
  class space    used 7862K, committed 8064K, reserved 1048576K
}
Event: 5.284 GC heap before
{Heap before GC invocations=16 (full 0):
 garbage-first heap   total 59392K, used 45701K [0x0000000081e00000, 0x0000000100000000)
  region size 1024K, 23 young (23552K), 2 survivors (2048K)
 Metaspace       used 60019K, committed 60416K, reserved 1105920K
  class space    used 8123K, committed 8320K, reserved 1048576K
}
Event: 5.288 GC heap after
{Heap after GC invocations=17 (full 0):
 garbage-first heap   total 59392K, used 26989K [0x0000000081e00000, 0x0000000100000000)
  region size 1024K, 3 young (3072K), 3 survivors (3072K)
 Metaspace       used 60019K, committed 60416K, reserved 1105920K
  class space    used 8123K, committed 8320K, reserved 1048576K
}
Event: 5.574 GC heap before
{Heap before GC invocations=18 (full 0):
 garbage-first heap   total 59392K, used 47469K [0x0000000081e00000, 0x0000000100000000)
  region size 1024K, 23 young (23552K), 3 survivors (3072K)
 Metaspace       used 62412K, committed 62848K, reserved 1105920K
  class space    used 8496K, committed 8704K, reserved 1048576K
}
Event: 5.577 GC heap after
{Heap after GC invocations=19 (full 0):
 garbage-first heap   total 59392K, used 28307K [0x0000000081e00000, 0x0000000100000000)
  region size 1024K, 2 young (2048K), 2 survivors (2048K)
 Metaspace       used 62412K, committed 62848K, reserved 1105920K
  class space    used 8496K, committed 8704K, reserved 1048576K
}
Event: 5.710 GC heap before
{Heap before GC invocations=20 (full 0):
 garbage-first heap   total 59392K, used 46739K [0x0000000081e00000, 0x0000000100000000)
  region size 1024K, 20 young (20480K), 2 survivors (2048K)
 Metaspace       used 62669K, committed 63040K, reserved 1105920K
  class space    used 8526K, committed 8704K, reserved 1048576K
}
Event: 5.712 GC heap after
{Heap after GC invocations=21 (full 0):
 garbage-first heap   total 59392K, used 28944K [0x0000000081e00000, 0x0000000100000000)
  region size 1024K, 2 young (2048K), 2 survivors (2048K)
 Metaspace       used 62669K, committed 63040K, reserved 1105920K
  class space    used 8526K, committed 8704K, reserved 1048576K
}
Event: 5.843 GC heap before
{Heap before GC invocations=21 (full 0):
 garbage-first heap   total 59392K, used 48400K [0x0000000081e00000, 0x0000000100000000)
  region size 1024K, 21 young (21504K), 2 survivors (2048K)
 Metaspace       used 62895K, committed 63296K, reserved 1105920K
  class space    used 8550K, committed 8768K, reserved 1048576K
}
Event: 5.846 GC heap after
{Heap after GC invocations=22 (full 0):
 garbage-first heap   total 71680K, used 29821K [0x0000000081e00000, 0x0000000100000000)
  region size 1024K, 2 young (2048K), 2 survivors (2048K)
 Metaspace       used 62895K, committed 63296K, reserved 1105920K
  class space    used 8550K, committed 8768K, reserved 1048576K
}
Event: 6.018 GC heap before
{Heap before GC invocations=23 (full 0):
 garbage-first heap   total 71680K, used 58493K [0x0000000081e00000, 0x0000000100000000)
  region size 1024K, 30 young (30720K), 2 survivors (2048K)
 Metaspace       used 63217K, committed 63616K, reserved 1105920K
  class space    used 8587K, committed 8768K, reserved 1048576K
}
Event: 6.020 GC heap after
{Heap after GC invocations=24 (full 0):
 garbage-first heap   total 71680K, used 30787K [0x0000000081e00000, 0x0000000100000000)
  region size 1024K, 3 young (3072K), 3 survivors (3072K)
 Metaspace       used 63217K, committed 63616K, reserved 1105920K
  class space    used 8587K, committed 8768K, reserved 1048576K
}
Event: 6.531 GC heap before
{Heap before GC invocations=24 (full 0):
 garbage-first heap   total 71680K, used 59459K [0x0000000081e00000, 0x0000000100000000)
  region size 1024K, 31 young (31744K), 3 survivors (3072K)
 Metaspace       used 66411K, committed 66880K, reserved 1114112K
  class space    used 9063K, committed 9280K, reserved 1048576K
}
Event: 6.535 GC heap after
{Heap after GC invocations=25 (full 0):
 garbage-first heap   total 71680K, used 33123K [0x0000000081e00000, 0x0000000100000000)
  region size 1024K, 4 young (4096K), 4 survivors (4096K)
 Metaspace       used 66411K, committed 66880K, reserved 1114112K
  class space    used 9063K, committed 9280K, reserved 1048576K
}

