# JRE version: OpenJDK Runtime Environment Temurin-17.0.4.1+1 (17.0.4.1+1) (build 17.0.4.1+1)
# Java VM: OpenJDK 64-Bit Server VM Temurin-17.0.4.1+1 (17.0.4.1+1, mixed mode, emulated-client, tiered, compressed oops, compressed class ptrs, g1 gc, windows-amd64)
GC Precious Log:
 CPUs: 8 total, 8 available
 Memory: 8070M
 Large Page Support: Disabled
 NUMA Support: Disabled
 Compressed Oops: Enabled (32-bit)
 Heap Region Size: 1M
 Heap Min Capacity: 8M
 Heap Initial Capacity: 128M
 Heap Max Capacity: 2018M
 Pre-touch: Disabled
 Parallel Workers: 8
 Concurrent Workers: 2
 Concurrent Refinement Workers: 8
 Periodic GC: Disabled
Heap:
 garbage-first heap   total 67584K, used 27474K [0x0000000081e00000, 0x0000000100000000)
  region size 1024K, 2 young (2048K), 2 survivors (2048K)
 Metaspace       used 62402K, committed 62784K, reserved 1105920K
  class space    used 8490K, committed 8640K, reserved 1048576K
GC Heap History (20 events):
Event: 1.873 GC heap after
{Heap after GC invocations=7 (full 0):
 garbage-first heap   total 73728K, used 12305K [0x0000000081e00000, 0x0000000100000000)
  region size 1024K, 3 young (3072K), 3 survivors (3072K)
 Metaspace       used 29459K, committed 29760K, reserved 1081344K
  class space    used 3642K, committed 3776K, reserved 1048576K
}
Event: 2.877 GC heap before
{Heap before GC invocations=7 (full 0):
 garbage-first heap   total 73728K, used 48145K [0x0000000081e00000, 0x0000000100000000)
  region size 1024K, 38 young (38912K), 3 survivors (3072K)
 Metaspace       used 34549K, committed 34880K, reserved 1081344K
  class space    used 4413K, committed 4544K, reserved 1048576K
}
Event: 2.884 GC heap after
{Heap after GC invocations=8 (full 0):
 garbage-first heap   total 73728K, used 15069K [0x0000000081e00000, 0x0000000100000000)
  region size 1024K, 5 young (5120K), 5 survivors (5120K)
 Metaspace       used 34549K, committed 34880K, reserved 1081344K
  class space    used 4413K, committed 4544K, reserved 1048576K
}
Event: 3.036 GC heap before
{Heap before GC invocations=8 (full 0):
 garbage-first heap   total 73728K, used 21213K [0x0000000081e00000, 0x0000000100000000)
  region size 1024K, 12 young (12288K), 5 survivors (5120K)
 Metaspace       used 35733K, committed 36096K, reserved 1081344K
  class space    used 4586K, committed 4800K, reserved 1048576K
}
Event: 3.045 GC heap after
{Heap after GC invocations=9 (full 0):
 garbage-first heap   total 73728K, used 16212K [0x0000000081e00000, 0x0000000100000000)
  region size 1024K, 4 young (4096K), 4 survivors (4096K)
 Metaspace       used 35733K, committed 36096K, reserved 1081344K
  class space    used 4586K, committed 4800K, reserved 1048576K
}
Event: 4.504 GC heap before
{Heap before GC invocations=10 (full 0):
 garbage-first heap   total 58368K, used 46932K [0x0000000081e00000, 0x0000000100000000)
  region size 1024K, 34 young (34816K), 4 survivors (4096K)
 Metaspace       used 42001K, committed 42368K, reserved 1089536K
  class space    used 5538K, committed 5696K, reserved 1048576K
}
Event: 4.509 GC heap after
{Heap after GC invocations=11 (full 0):
 garbage-first heap   total 58368K, used 18167K [0x0000000081e00000, 0x0000000100000000)
  region size 1024K, 3 young (3072K), 3 survivors (3072K)
 Metaspace       used 42001K, committed 42368K, reserved 1089536K
  class space    used 5538K, committed 5696K, reserved 1048576K
}
Event: 4.531 GC heap before
{Heap before GC invocations=11 (full 0):
 garbage-first heap   total 58368K, used 19191K [0x0000000081e00000, 0x0000000100000000)
  region size 1024K, 4 young (4096K), 3 survivors (3072K)
 Metaspace       used 42405K, committed 42752K, reserved 1089536K
  class space    used 5633K, committed 5824K, reserved 1048576K
}
Event: 4.535 GC heap after
{Heap after GC invocations=12 (full 0):
 garbage-first heap   total 58368K, used 18570K [0x0000000081e00000, 0x0000000100000000)
  region size 1024K, 1 young (1024K), 1 survivors (1024K)
 Metaspace       used 42405K, committed 42752K, reserved 1089536K
  class space    used 5633K, committed 5824K, reserved 1048576K
}
Event: 5.482 GC heap before
{Heap before GC invocations=12 (full 0):
 garbage-first heap   total 58368K, used 43146K [0x0000000081e00000, 0x0000000100000000)
  region size 1024K, 25 young (25600K), 1 survivors (1024K)
 Metaspace       used 50558K, committed 50944K, reserved 1097728K
  class space    used 6662K, committed 6848K, reserved 1048576K
}
Event: 5.485 GC heap after
{Heap after GC invocations=13 (full 0):
 garbage-first heap   total 58368K, used 21395K [0x0000000081e00000, 0x0000000100000000)
  region size 1024K, 4 young (4096K), 4 survivors (4096K)
 Metaspace       used 50558K, committed 50944K, reserved 1097728K
  class space    used 6662K, committed 6848K, reserved 1048576K
}
Event: 5.905 GC heap before
{Heap before GC invocations=13 (full 0):
 garbage-first heap   total 58368K, used 42899K [0x0000000081e00000, 0x0000000100000000)
  region size 1024K, 25 young (25600K), 4 survivors (4096K)
 Metaspace       used 53663K, committed 54016K, reserved 1097728K
  class space    used 7108K, committed 7296K, reserved 1048576K
}
Event: 5.908 GC heap after
{Heap after GC invocations=14 (full 0):
 garbage-first heap   total 58368K, used 23053K [0x0000000081e00000, 0x0000000100000000)
  region size 1024K, 2 young (2048K), 2 survivors (2048K)
 Metaspace       used 53663K, committed 54016K, reserved 1097728K
  class space    used 7108K, committed 7296K, reserved 1048576K
}
Event: 6.482 GC heap before
{Heap before GC invocations=14 (full 0):
 garbage-first heap   total 58368K, used 43533K [0x0000000081e00000, 0x0000000100000000)
  region size 1024K, 23 young (23552K), 2 survivors (2048K)
 Metaspace       used 57085K, committed 57472K, reserved 1105920K
  class space    used 7693K, committed 7872K, reserved 1048576K
}
Event: 6.486 GC heap after
{Heap after GC invocations=15 (full 0):
 garbage-first heap   total 58368K, used 23745K [0x0000000081e00000, 0x0000000100000000)
  region size 1024K, 3 young (3072K), 3 survivors (3072K)
 Metaspace       used 57085K, committed 57472K, reserved 1105920K
  class space    used 7693K, committed 7872K, reserved 1048576K
}
Event: 6.989 GC heap before
{Heap before GC invocations=15 (full 0):
 garbage-first heap   total 58368K, used 45249K [0x0000000081e00000, 0x0000000100000000)
  region size 1024K, 24 young (24576K), 3 survivors (3072K)
 Metaspace       used 58256K, committed 58688K, reserved 1105920K
  class space    used 7856K, committed 8064K, reserved 1048576K
}
Event: 6.992 GC heap after
{Heap after GC invocations=16 (full 0):
 garbage-first heap   total 58368K, used 24732K [0x0000000081e00000, 0x0000000100000000)
  region size 1024K, 2 young (2048K), 2 survivors (2048K)
 Metaspace       used 58256K, committed 58688K, reserved 1105920K
  class space    used 7856K, committed 8064K, reserved 1048576K
}
Event: 7.991 GC heap before
{Heap before GC invocations=16 (full 0):
 garbage-first heap   total 58368K, used 42140K [0x0000000081e00000, 0x0000000100000000)
  region size 1024K, 20 young (20480K), 2 survivors (2048K)
 Metaspace       used 59992K, committed 60416K, reserved 1105920K
  class space    used 8115K, committed 8320K, reserved 1048576K
}
Event: 7.994 GC heap after
{Heap after GC invocations=17 (full 0):
 garbage-first heap   total 58368K, used 26277K [0x0000000081e00000, 0x0000000100000000)
  region size 1024K, 3 young (3072K), 3 survivors (3072K)
 Metaspace       used 59992K, committed 60416K, reserved 1105920K
  class space    used 8115K, committed 8320K, reserved 1048576K
}
Event: 8.361 GC heap before
{Heap before GC invocations=18 (full 0):
 garbage-first heap   total 58368K, used 45733K [0x0000000081e00000, 0x0000000100000000)
  region size 1024K, 22 young (22528K), 3 survivors (3072K)
 Metaspace       used 62402K, committed 62784K, reserved 1105920K
  class space    used 8490K, committed 8640K, reserved 1048576K
}

